  [1m[36m (147.1ms)[0m  [1mCREATE TABLE `schema_migrations` (`version` varchar(255) NOT NULL) ENGINE=InnoDB[0m
  [1m[35m (183.8ms)[0m  CREATE UNIQUE INDEX `unique_schema_migrations`  ON `schema_migrations` (`version`) 
  [1m[36mActiveRecord::SchemaMigration Load (0.3ms)[0m  [1mSELECT `schema_migrations`.* FROM `schema_migrations`[0m
Migrating to CreateAppleDevises (20150604054613)
  [1m[35m (78.4ms)[0m  CREATE TABLE `apple_devises` (`id` int(11) auto_increment PRIMARY KEY, `imei` varchar(255), `created_at` datetime, `updated_at` datetime) ENGINE=InnoDB
  [1m[36m (0.2ms)[0m  [1mBEGIN[0m
  [1m[35mSQL (0.4ms)[0m  INSERT INTO `schema_migrations` (`version`) VALUES ('20150604054613')
  [1m[36m (32.2ms)[0m  [1mCOMMIT[0m
  [1m[35mActiveRecord::SchemaMigration Load (0.3ms)[0m  SELECT `schema_migrations`.* FROM `schema_migrations`
  [1m[36mActiveRecord::SchemaMigration Load (0.2ms)[0m  [1mSELECT `schema_migrations`.* FROM `schema_migrations`[0m
  [1m[36mActiveRecord::SchemaMigration Load (0.1ms)[0m  [1mSELECT `schema_migrations`.* FROM `schema_migrations`[0m
Migrating to Destroy (20150607100749)
  [1m[35m (33.9ms)[0m  DROP TABLE `apple_devises`
  [1m[36m (0.1ms)[0m  [1mBEGIN[0m
  [1m[35mSQL (0.4ms)[0m  INSERT INTO `schema_migrations` (`version`) VALUES ('20150607100749')
  [1m[36m (57.8ms)[0m  [1mCOMMIT[0m
  [1m[35mActiveRecord::SchemaMigration Load (0.3ms)[0m  SELECT `schema_migrations`.* FROM `schema_migrations`
  [1m[36mActiveRecord::SchemaMigration Load (0.2ms)[0m  [1mSELECT `schema_migrations`.* FROM `schema_migrations`[0m
Migrating to CreateDevices (20150607101943)
  [1m[35m (122.2ms)[0m  CREATE TABLE `devices` (`id` int(11) auto_increment PRIMARY KEY, `created_at` datetime, `updated_at` datetime) ENGINE=InnoDB
  [1m[36m (0.3ms)[0m  [1mBEGIN[0m
  [1m[35mSQL (0.4ms)[0m  INSERT INTO `schema_migrations` (`version`) VALUES ('20150607101943')
  [1m[36m (40.2ms)[0m  [1mCOMMIT[0m
  [1m[35mActiveRecord::SchemaMigration Load (0.2ms)[0m  SELECT `schema_migrations`.* FROM `schema_migrations`
  [1m[36m (0.3ms)[0m  [1mBEGIN[0m
  [1m[35mSQL (0.5ms)[0m  INSERT INTO `devices` (`created_at`, `updated_at`) VALUES ('2015-06-07 10:22:11', '2015-06-07 10:22:11')
  [1m[36m (30.5ms)[0m  [1mCOMMIT[0m
  [1m[35mDevice Load (0.6ms)[0m  SELECT  `devices`.* FROM `devices`   ORDER BY `devices`.`id` ASC LIMIT 1
  [1m[36mDevice Load (0.3ms)[0m  [1mSELECT  `devices`.* FROM `devices`   ORDER BY `devices`.`id` ASC LIMIT 1[0m
  [1m[35m (0.3ms)[0m  BEGIN
  [1m[36mSQL (0.5ms)[0m  [1mINSERT INTO `devices` (`created_at`, `updated_at`) VALUES ('2015-06-07 11:45:56', '2015-06-07 11:45:56')[0m
  [1m[35m (28.3ms)[0m  COMMIT
  [1m[36mDevice Load (0.5ms)[0m  [1mSELECT  `devices`.* FROM `devices`   ORDER BY `devices`.`id` ASC LIMIT 1[0m
  [1m[35mDevice Load (0.3ms)[0m  SELECT  `devices`.* FROM `devices`   ORDER BY `devices`.`id` ASC LIMIT 1
  [1m[36m (0.2ms)[0m  [1mBEGIN[0m
  [1m[35m (0.3ms)[0m  ROLLBACK
  [1m[36m (0.1ms)[0m  [1mBEGIN[0m
  [1m[35mSQL (0.3ms)[0m  INSERT INTO `devices` (`created_at`, `updated_at`) VALUES ('2015-06-07 12:01:29', '2015-06-07 12:01:29')
  [1m[36m (36.6ms)[0m  [1mCOMMIT[0m
  [1m[35mDevice Load (0.5ms)[0m  SELECT `devices`.* FROM `devices`
  [1m[36mDevice Load (0.6ms)[0m  [1mSELECT  `devices`.* FROM `devices`   ORDER BY `devices`.`id` DESC LIMIT 1[0m
  [1m[35m (0.2ms)[0m  BEGIN
  [1m[36m (0.2ms)[0m  [1mCOMMIT[0m
  [1m[35mDevice Load (0.4ms)[0m  SELECT  `devices`.* FROM `devices`   ORDER BY `devices`.`id` ASC LIMIT 1
  [1m[36mDevice Load (0.3ms)[0m  [1mSELECT  `devices`.* FROM `devices`   ORDER BY `devices`.`id` ASC LIMIT 1[0m
  [1m[35m (0.2ms)[0m  BEGIN
  [1m[36m (0.3ms)[0m  [1mCOMMIT[0m
  [1m[35mDevice Load (0.3ms)[0m  SELECT  `devices`.* FROM `devices`   ORDER BY `devices`.`id` ASC LIMIT 1
  [1m[36m (0.2ms)[0m  [1mBEGIN[0m
  [1m[35m (0.2ms)[0m  COMMIT
  [1m[36mDevice Load (0.3ms)[0m  [1mSELECT  `devices`.* FROM `devices`   ORDER BY `devices`.`id` ASC LIMIT 1[0m
  [1m[35m (0.2ms)[0m  BEGIN
  [1m[36m (0.3ms)[0m  [1mROLLBACK[0m
  [1m[35mDevice Load (0.1ms)[0m  SELECT  `devices`.* FROM `devices`   ORDER BY `devices`.`id` DESC LIMIT 1
  [1m[36m (0.1ms)[0m  [1mBEGIN[0m
  [1m[35m (0.3ms)[0m  ROLLBACK
  [1m[36mDevice Load (0.3ms)[0m  [1mSELECT  `devices`.* FROM `devices`   ORDER BY `devices`.`id` DESC LIMIT 1[0m
  [1m[35m (0.2ms)[0m  BEGIN
  [1m[36m (0.2ms)[0m  [1mCOMMIT[0m
  [1m[35mDevice Load (0.3ms)[0m  SELECT  `devices`.* FROM `devices`   ORDER BY `devices`.`id` ASC LIMIT 1
  [1m[36m (0.2ms)[0m  [1mBEGIN[0m
  [1m[35m (0.2ms)[0m  ROLLBACK
  [1m[36mDevice Load (0.3ms)[0m  [1mSELECT  `devices`.* FROM `devices`   ORDER BY `devices`.`id` ASC LIMIT 1[0m
  [1m[35m (0.3ms)[0m  BEGIN
  [1m[36m (0.2ms)[0m  [1mCOMMIT[0m
  [1m[35mDevice Load (0.3ms)[0m  SELECT  `devices`.* FROM `devices`   ORDER BY `devices`.`id` ASC LIMIT 1
  [1m[36mDevice Load (0.3ms)[0m  [1mSELECT  `devices`.* FROM `devices`   ORDER BY `devices`.`id` ASC LIMIT 1[0m
  [1m[35mDevice Load (0.3ms)[0m  SELECT  `devices`.* FROM `devices`   ORDER BY `devices`.`id` ASC LIMIT 1
  [1m[36m (85.3ms)[0m  [1mCREATE TABLE "devices" ("id" INTEGER PRIMARY KEY AUTOINCREMENT NOT NULL, "created_at" datetime, "updated_at" datetime) [0m
  [1m[35m (108.9ms)[0m  CREATE TABLE "schema_migrations" ("version" varchar(255) NOT NULL) 
  [1m[36m (0.2ms)[0m  [1mselect sqlite_version(*)[0m
  [1m[35m (100.0ms)[0m  CREATE UNIQUE INDEX "unique_schema_migrations" ON "schema_migrations" ("version")
  [1m[36m (0.2ms)[0m  [1mSELECT version FROM "schema_migrations"[0m
  [1m[35m (176.7ms)[0m  INSERT INTO "schema_migrations" (version) VALUES ('20150607101943')
